# JRE version: Java(TM) SE Runtime Environment (17.0.12+8) (build 17.0.12+8-LTS-286)
# Java VM: Java HotSpot(TM) 64-Bit Server VM (17.0.12+8-LTS-286, mixed mode, sharing, tiered, compressed oops, compressed class ptrs, g1 gc, windows-amd64)
GC Precious Log:
 CPUs: 8 total, 8 available
 Memory: 7975M
 Large Page Support: Disabled
 NUMA Support: Disabled
 Compressed Oops: Enabled (32-bit)
 Heap Region Size: 1M
 Heap Min Capacity: 8M
 Heap Initial Capacity: 126M
 Heap Max Capacity: 1994M
 Pre-touch: Disabled
 Parallel Workers: 8
 Concurrent Workers: 2
 Concurrent Refinement Workers: 8
 Periodic GC: Disabled
Heap:
 garbage-first heap   total 107520K, used 45031K [0x0000000083600000, 0x0000000100000000)
  region size 1024K, 8 young (8192K), 8 survivors (8192K)
 Metaspace       used 25614K, committed 25920K, reserved 1114112K
  class space    used 2963K, committed 3136K, reserved 1048576K
GC Heap History (15 events):
Event: 2.520 GC heap before
{Heap before GC invocations=0 (full 0):
 garbage-first heap   total 129024K, used 23552K [0x0000000083600000, 0x0000000100000000)
  region size 1024K, 23 young (23552K), 0 survivors (0K)
 Metaspace       used 5378K, committed 5568K, reserved 1114112K
  class space    used 644K, committed 768K, reserved 1048576K
}
Event: 4.396 GC heap after
{Heap after GC invocations=1 (full 0):
 garbage-first heap   total 129024K, used 3671K [0x0000000083600000, 0x0000000100000000)
  region size 1024K, 3 young (3072K), 3 survivors (3072K)
 Metaspace       used 5378K, committed 5568K, reserved 1114112K
  class space    used 644K, committed 768K, reserved 1048576K
}
Event: 6.413 GC heap before
{Heap before GC invocations=1 (full 0):
 garbage-first heap   total 129024K, used 27223K [0x0000000083600000, 0x0000000100000000)
  region size 1024K, 26 young (26624K), 3 survivors (3072K)
 Metaspace       used 7548K, committed 7744K, reserved 1114112K
  class space    used 902K, committed 1024K, reserved 1048576K
}
Event: 6.509 GC heap after
{Heap after GC invocations=2 (full 0):
 garbage-first heap   total 129024K, used 4671K [0x0000000083600000, 0x0000000100000000)
  region size 1024K, 1 young (1024K), 1 survivors (1024K)
 Metaspace       used 7548K, committed 7744K, reserved 1114112K
  class space    used 902K, committed 1024K, reserved 1048576K
}
Event: 15.216 GC heap before
{Heap before GC invocations=2 (full 0):
 garbage-first heap   total 129024K, used 34367K [0x0000000083600000, 0x0000000100000000)
  region size 1024K, 30 young (30720K), 1 survivors (1024K)
 Metaspace       used 13202K, committed 13440K, reserved 1114112K
  class space    used 1630K, committed 1728K, reserved 1048576K
}
Event: 15.231 GC heap after
{Heap after GC invocations=3 (full 0):
 garbage-first heap   total 129024K, used 7323K [0x0000000083600000, 0x0000000100000000)
  region size 1024K, 4 young (4096K), 4 survivors (4096K)
 Metaspace       used 13202K, committed 13440K, reserved 1114112K
  class space    used 1630K, committed 1728K, reserved 1048576K
}
Event: 34.931 GC heap before
{Heap before GC invocations=3 (full 0):
 garbage-first heap   total 129024K, used 80027K [0x0000000083600000, 0x0000000100000000)
  region size 1024K, 75 young (76800K), 4 survivors (4096K)
 Metaspace       used 15762K, committed 15936K, reserved 1114112K
  class space    used 1851K, committed 1920K, reserved 1048576K
}
Event: 34.968 GC heap after
{Heap after GC invocations=4 (full 0):
 garbage-first heap   total 129024K, used 14732K [0x0000000083600000, 0x0000000100000000)
  region size 1024K, 10 young (10240K), 10 survivors (10240K)
 Metaspace       used 15762K, committed 15936K, reserved 1114112K
  class space    used 1851K, committed 1920K, reserved 1048576K
}
Event: 38.790 GC heap before
{Heap before GC invocations=4 (full 0):
 garbage-first heap   total 129024K, used 81292K [0x0000000083600000, 0x0000000100000000)
  region size 1024K, 75 young (76800K), 10 survivors (10240K)
 Metaspace       used 16448K, committed 16704K, reserved 1114112K
  class space    used 1874K, committed 1984K, reserved 1048576K
}
Event: 38.813 GC heap after
{Heap after GC invocations=5 (full 0):
 garbage-first heap   total 129024K, used 18992K [0x0000000083600000, 0x0000000100000000)
  region size 1024K, 5 young (5120K), 5 survivors (5120K)
 Metaspace       used 16448K, committed 16704K, reserved 1114112K
  class space    used 1874K, committed 1984K, reserved 1048576K
}
Event: 39.256 GC heap before
{Heap before GC invocations=5 (full 0):
 garbage-first heap   total 129024K, used 67120K [0x0000000083600000, 0x0000000100000000)
  region size 1024K, 13 young (13312K), 5 survivors (5120K)
 Metaspace       used 17340K, committed 17664K, reserved 1114112K
  class space    used 1988K, committed 2176K, reserved 1048576K
}
Event: 39.262 GC heap after
{Heap after GC invocations=6 (full 0):
 garbage-first heap   total 129024K, used 26672K [0x0000000083600000, 0x0000000100000000)
  region size 1024K, 4 young (4096K), 4 survivors (4096K)
 Metaspace       used 17340K, committed 17664K, reserved 1114112K
  class space    used 1988K, committed 2176K, reserved 1048576K
}
Event: 41.300 GC heap before
{Heap before GC invocations=6 (full 0):
 garbage-first heap   total 129024K, used 88112K [0x0000000083600000, 0x0000000100000000)
  region size 1024K, 37 young (37888K), 4 survivors (4096K)
 Metaspace       used 21217K, committed 21504K, reserved 1114112K
  class space    used 2468K, committed 2624K, reserved 1048576K
}
Event: 41.311 GC heap after
{Heap after GC invocations=7 (full 0):
 garbage-first heap   total 129024K, used 26937K [0x0000000083600000, 0x0000000100000000)
  region size 1024K, 9 young (9216K), 9 survivors (9216K)
 Metaspace       used 21217K, committed 21504K, reserved 1114112K
  class space    used 2468K, committed 2624K, reserved 1048576K
}
Event: 46.083 GC heap before
{Heap before GC invocations=8 (full 0):
 garbage-first heap   total 99328K, used 80185K [0x0000000083600000, 0x0000000100000000)
  region size 1024K, 57 young (58368K), 9 survivors (9216K)
 Metaspace       used 25614K, committed 25920K, reserved 1114112K
  class space    used 2963K, committed 3136K, reserved 1048576K
}

